[2025-04-09T23:16:45.796Z] POST /api/auth/login 500 44ms - ::1 "PostmanRuntime/7.43.3"
[2025-04-10T00:11:09.709Z] POST /api/auth/login 200 531ms - ::1 "Mozilla/5.0 (iPhone; CPU iPhone OS 15_0 like Mac OS X) AppleWebKit/605.1.15 (KHTML, like Gecko) Version/15.0 Mobile/15E148 Safari/604.1 wechatdevtools/1.06.2412050 MicroMessenger/8.0.5 Language/zh_CN webview/"
[2025-04-10T00:39:20.345Z] POST /api/auth/login 200 409ms - ::1 "Mozilla/5.0 (iPhone; CPU iPhone OS 15_0 like Mac OS X) AppleWebKit/605.1.15 (KHTML, like Gecko) Version/15.0 Mobile/15E148 Safari/604.1 wechatdevtools/1.06.2412050 MicroMessenger/8.0.5 Language/zh_CN webview/"
[2025-04-10T00:41:47.055Z] POST /api/auth/login 401 359ms - ::1 "PostmanRuntime/7.43.3"
[2025-04-10T00:41:54.362Z] POST /api/auth/login 401 271ms - ::1 "PostmanRuntime/7.43.3"
[2025-04-10T00:46:51.705Z] POST /api/auth/login 200 410ms - ::1 "Mozilla/5.0 (iPhone; CPU iPhone OS 15_0 like Mac OS X) AppleWebKit/605.1.15 (KHTML, like Gecko) Version/15.0 Mobile/15E148 Safari/604.1 wechatdevtools/1.06.2412050 MicroMessenger/8.0.5 Language/zh_CN webview/"
[2025-04-10T00:47:19.898Z] POST /api/auth/login 400 26ms - ::1 "PostmanRuntime/7.43.3"
[2025-04-10T00:48:50.319Z] POST /api/auth/login 200 371ms - ::1 "Mozilla/5.0 (iPhone; CPU iPhone OS 15_0 like Mac OS X) AppleWebKit/605.1.15 (KHTML, like Gecko) Version/15.0 Mobile/15E148 Safari/604.1 wechatdevtools/1.06.2412050 MicroMessenger/8.0.5 Language/zh_CN webview/"
[2025-04-10T00:49:04.785Z] POST /api/auth/login 401 308ms - ::1 "PostmanRuntime/7.43.3"
[2025-04-10T00:50:20.025Z] POST /api/auth/login 200 351ms - ::1 "Mozilla/5.0 (iPhone; CPU iPhone OS 15_0 like Mac OS X) AppleWebKit/605.1.15 (KHTML, like Gecko) Version/15.0 Mobile/15E148 Safari/604.1 wechatdevtools/1.06.2412050 MicroMessenger/8.0.5 Language/zh_CN webview/"
[2025-04-10T00:50:34.178Z] POST /api/auth/login 401 339ms - ::1 "PostmanRuntime/7.43.3"
[2025-04-10T00:51:49.125Z] POST /api/auth/login 200 356ms - ::1 "Mozilla/5.0 (iPhone; CPU iPhone OS 15_0 like Mac OS X) AppleWebKit/605.1.15 (KHTML, like Gecko) Version/15.0 Mobile/15E148 Safari/604.1 wechatdevtools/1.06.2412050 MicroMessenger/8.0.5 Language/zh_CN webview/"
[2025-04-10T00:52:02.431Z] POST /api/auth/login 401 288ms - ::1 "PostmanRuntime/7.43.3"
[2025-04-10T01:12:16.710Z] POST /api/auth/login 200 477ms - ::1 "PostmanRuntime/7.43.3"
[2025-04-10T23:10:07.020Z] POST /api/auth/login 200 491ms - ::1 "Mozilla/5.0 (iPhone; CPU iPhone OS 15_0 like Mac OS X) AppleWebKit/605.1.15 (KHTML, like Gecko) Version/15.0 Mobile/15E148 Safari/604.1 wechatdevtools/1.06.2412050 MicroMessenger/8.0.5 Language/zh_CN webview/"
[2025-04-10T23:14:30.555Z] GET /api/users/me 200 57ms - ::1 "PostmanRuntime/7.43.3"
[2025-04-10T23:22:21.799Z] GET /api/users/me 401 19ms - ::1 "PostmanRuntime/7.43.3"
[2025-04-10T23:24:32.130Z] GET /api/users/me 401 31ms - ::1 "PostmanRuntime/7.43.3"
[2025-04-11T00:10:43.164Z] PUT /api/auth/user-info 200 94ms - ::1 "PostmanRuntime/7.43.3"
[2025-04-11T00:19:03.896Z] PUT /api/users/goals 200 53ms - ::1 "PostmanRuntime/7.43.3"
[2025-04-11T00:34:56.748Z] PUT /api/users/preferences 200 160ms - ::1 "PostmanRuntime/7.43.3"
[2025-04-11T00:38:04.814Z] PUT /api/users/study-plan 400 37ms - ::1 "PostmanRuntime/7.43.3"
[2025-04-11T00:40:07.899Z] PUT /api/users/study-plan 400 43ms - ::1 "PostmanRuntime/7.43.3"
[2025-04-11T00:42:39.334Z] PUT /api/users/study-plan 400 19ms - ::1 "PostmanRuntime/7.43.3"
[2025-04-11T00:53:15.500Z] PUT /api/users/study-plan 200 70ms - ::1 "PostmanRuntime/7.43.3"
[2025-04-11T00:57:40.193Z] PUT /api/users/settings 200 70ms - ::1 "PostmanRuntime/7.43.3"
[2025-04-11T01:52:52.020Z] PUT /api/users/statistics 200 78ms - ::1 "PostmanRuntime/7.43.3"
